0 silly argv {
0 silly argv   _: [ 'version' ],
0 silly argv   lernaVersion: '4.0.0',
0 silly argv   '$0': '..\\..\\AppData\\Roaming\\npm\\node_modules\\lerna\\cli.js'
0 silly argv }
1 notice cli v4.0.0
2 verbose rootPath C:\Users\User\Projects\test-lerna
3 info versioning independent
4 silly isAnythingCommitted
5 verbose isAnythingCommitted 1
6 silly getCurrentBranch
7 verbose currentBranch master
8 silly remoteBranchExists
9 silly isBehindUpstream
10 silly isBehindUpstream master is behind origin/master by 0 commit(s) and ahead by 0
11 silly hasTags
12 verbose hasTags true
13 silly git-describe.sync "@vue/ui@0.12.5-1-ge76c862-dirty" => {"lastTagName":"@vue/ui@0.12.5","lastVersion":"0.12.5","refCount":"1","sha":"e76c862","isDirty":true}
14 info Looking for changed packages since @vue/ui@0.12.5
15 silly checking diff packages/test-lib-ts-jason
16 silly found diff in packages/test-lib-ts-jason/.browserslistrc
16 silly found diff in packages/test-lib-ts-jason/babel.config.js
16 silly found diff in packages/test-lib-ts-jason/build/rollup.config.js
16 silly found diff in packages/test-lib-ts-jason/dev/serve.ts
16 silly found diff in packages/test-lib-ts-jason/dev/serve.vue
16 silly found diff in packages/test-lib-ts-jason/dist/test-lib-ts-one.esm.js
16 silly found diff in packages/test-lib-ts-jason/dist/test-lib-ts-one.min.js
16 silly found diff in packages/test-lib-ts-jason/dist/test-lib-ts-one.ssr.js
16 silly found diff in packages/test-lib-ts-jason/shims-tsx.d.ts
16 silly found diff in packages/test-lib-ts-jason/shims-vue.d.ts
16 silly found diff in packages/test-lib-ts-jason/src/entry.esm.ts
16 silly found diff in packages/test-lib-ts-jason/src/entry.ts
16 silly found diff in packages/test-lib-ts-jason/src/lib-components/index.ts
16 silly found diff in packages/test-lib-ts-jason/src/lib-components/test-lib-ts-one-sample.vue
16 silly found diff in packages/test-lib-ts-jason/test-lib-ts-one.d.ts
16 silly found diff in packages/test-lib-ts-jason/tsconfig.json
16 silly found diff in packages/test-lib-ts-jason/yarn.lock
17 verbose filtered diff [
17 verbose filtered diff   'packages/test-lib-ts-jason/.browserslistrc',
17 verbose filtered diff   'packages/test-lib-ts-jason/babel.config.js',
17 verbose filtered diff   'packages/test-lib-ts-jason/build/rollup.config.js',
17 verbose filtered diff   'packages/test-lib-ts-jason/dev/serve.ts',
17 verbose filtered diff   'packages/test-lib-ts-jason/dev/serve.vue',
17 verbose filtered diff   'packages/test-lib-ts-jason/dist/test-lib-ts-one.esm.js',
17 verbose filtered diff   'packages/test-lib-ts-jason/dist/test-lib-ts-one.min.js',
17 verbose filtered diff   'packages/test-lib-ts-jason/dist/test-lib-ts-one.ssr.js',
17 verbose filtered diff   'packages/test-lib-ts-jason/shims-tsx.d.ts',
17 verbose filtered diff   'packages/test-lib-ts-jason/shims-vue.d.ts',
17 verbose filtered diff   'packages/test-lib-ts-jason/src/entry.esm.ts',
17 verbose filtered diff   'packages/test-lib-ts-jason/src/entry.ts',
17 verbose filtered diff   'packages/test-lib-ts-jason/src/lib-components/index.ts',
17 verbose filtered diff   'packages/test-lib-ts-jason/src/lib-components/test-lib-ts-one-sample.vue',
17 verbose filtered diff   'packages/test-lib-ts-jason/test-lib-ts-one.d.ts',
17 verbose filtered diff   'packages/test-lib-ts-jason/tsconfig.json',
17 verbose filtered diff   'packages/test-lib-ts-jason/yarn.lock'
17 verbose filtered diff ]
18 silly checking diff packages/test-lib-ts
19 silly found diff in packages/test-lib-ts/.browserslistrc
19 silly found diff in packages/test-lib-ts/babel.config.js
19 silly found diff in packages/test-lib-ts/build/rollup.config.js
19 silly found diff in packages/test-lib-ts/dev/serve.ts
19 silly found diff in packages/test-lib-ts/dev/serve.vue
19 silly found diff in packages/test-lib-ts/dist/src/entry.esm.js
19 silly found diff in packages/test-lib-ts/dist/src/lib-components/index.js
19 silly found diff in packages/test-lib-ts/dist/src/lib-components/test-a/index.js
19 silly found diff in packages/test-lib-ts/dist/src/lib-components/test-a/test-a.vue_rollup-plugin-vue=script.js
19 silly found diff in packages/test-lib-ts/dist/src/lib-components/test-lib-ts-sample/index.js
19 silly found diff in packages/test-lib-ts/dist/src/lib-components/test-lib-ts-sample/test-lib-ts-sample.vue_rollup-plugin-vue=script.js
19 silly found diff in packages/test-lib-ts/readme.md
19 silly found diff in packages/test-lib-ts/shims-tsx.d.ts
19 silly found diff in packages/test-lib-ts/shims-vue.d.ts
19 silly found diff in packages/test-lib-ts/src/entry.esm.ts
19 silly found diff in packages/test-lib-ts/src/entry.ts
19 silly found diff in packages/test-lib-ts/src/lib-components/index.ts
19 silly found diff in packages/test-lib-ts/src/lib-components/test-a/index.ts
19 silly found diff in packages/test-lib-ts/src/lib-components/test-a/test-a.vue
19 silly found diff in packages/test-lib-ts/src/lib-components/test-lib-ts-sample/index.ts
19 silly found diff in packages/test-lib-ts/src/lib-components/test-lib-ts-sample/test-lib-ts-sample.vue
19 silly found diff in packages/test-lib-ts/test-lib-ts.7z
19 silly found diff in packages/test-lib-ts/tsconfig.json
19 silly found diff in packages/test-lib-ts/types/index.d.ts
19 silly found diff in packages/test-lib-ts/types/test-a.d.ts
19 silly found diff in packages/test-lib-ts/types/test-lib-ts.d.ts
19 silly found diff in packages/test-lib-ts/yarn-error.log
19 silly found diff in packages/test-lib-ts/yarn.lock
20 verbose filtered diff [
20 verbose filtered diff   'packages/test-lib-ts/.browserslistrc',
20 verbose filtered diff   'packages/test-lib-ts/babel.config.js',
20 verbose filtered diff   'packages/test-lib-ts/build/rollup.config.js',
20 verbose filtered diff   'packages/test-lib-ts/dev/serve.ts',
20 verbose filtered diff   'packages/test-lib-ts/dev/serve.vue',
20 verbose filtered diff   'packages/test-lib-ts/dist/src/entry.esm.js',
20 verbose filtered diff   'packages/test-lib-ts/dist/src/lib-components/index.js',
20 verbose filtered diff   'packages/test-lib-ts/dist/src/lib-components/test-a/index.js',
20 verbose filtered diff   'packages/test-lib-ts/dist/src/lib-components/test-a/test-a.vue_rollup-plugin-vue=script.js',
20 verbose filtered diff   'packages/test-lib-ts/dist/src/lib-components/test-lib-ts-sample/index.js',
20 verbose filtered diff   'packages/test-lib-ts/dist/src/lib-components/test-lib-ts-sample/test-lib-ts-sample.vue_rollup-plugin-vue=script.js',
20 verbose filtered diff   'packages/test-lib-ts/readme.md',
20 verbose filtered diff   'packages/test-lib-ts/shims-tsx.d.ts',
20 verbose filtered diff   'packages/test-lib-ts/shims-vue.d.ts',
20 verbose filtered diff   'packages/test-lib-ts/src/entry.esm.ts',
20 verbose filtered diff   'packages/test-lib-ts/src/entry.ts',
20 verbose filtered diff   'packages/test-lib-ts/src/lib-components/index.ts',
20 verbose filtered diff   'packages/test-lib-ts/src/lib-components/test-a/index.ts',
20 verbose filtered diff   'packages/test-lib-ts/src/lib-components/test-a/test-a.vue',
20 verbose filtered diff   'packages/test-lib-ts/src/lib-components/test-lib-ts-sample/index.ts',
20 verbose filtered diff   'packages/test-lib-ts/src/lib-components/test-lib-ts-sample/test-lib-ts-sample.vue',
20 verbose filtered diff   'packages/test-lib-ts/test-lib-ts.7z',
20 verbose filtered diff   'packages/test-lib-ts/tsconfig.json',
20 verbose filtered diff   'packages/test-lib-ts/types/index.d.ts',
20 verbose filtered diff   'packages/test-lib-ts/types/test-a.d.ts',
20 verbose filtered diff   'packages/test-lib-ts/types/test-lib-ts.d.ts',
20 verbose filtered diff   'packages/test-lib-ts/yarn-error.log',
20 verbose filtered diff   'packages/test-lib-ts/yarn.lock'
20 verbose filtered diff ]
21 silly checking diff packages/test-lib
22 silly found diff in packages/test-lib/.browserslistrc
22 silly found diff in packages/test-lib/babel.config.js
22 silly found diff in packages/test-lib/build/rollup.config copy.js
22 silly found diff in packages/test-lib/build/rollup.config.js
22 silly found diff in packages/test-lib/dev/serve.js
22 silly found diff in packages/test-lib/dev/serve.vue
22 silly found diff in packages/test-lib/dist/src/entry.esm.js
22 silly found diff in packages/test-lib/dist/src/lib-components/index.js
22 silly found diff in packages/test-lib/dist/src/lib-components/test-a/index.js
22 silly found diff in packages/test-lib/dist/src/lib-components/test-a/test-a.vue_rollup-plugin-vue=script.js
22 silly found diff in packages/test-lib/dist/src/lib-components/test-folder/index.js
22 silly found diff in packages/test-lib/dist/src/lib-components/test-folder/test-folder.vue_rollup-plugin-vue=script.js
22 silly found diff in packages/test-lib/dist/src/lib-components/test-lib-sample/index.js
22 silly found diff in packages/test-lib/dist/src/lib-components/test-lib-sample/test-lib-sample.vue_rollup-plugin-vue=script.js
22 silly found diff in packages/test-lib/entry.js
22 silly found diff in packages/test-lib/src/entry.esm.js
22 silly found diff in packages/test-lib/src/entry.js
22 silly found diff in packages/test-lib/src/lib-components/index.js
22 silly found diff in packages/test-lib/src/lib-components/test-a/index.js
22 silly found diff in packages/test-lib/src/lib-components/test-a/test-a.vue
22 silly found diff in packages/test-lib/src/lib-components/test-folder/index.js
22 silly found diff in packages/test-lib/src/lib-components/test-folder/test-folder.vue
22 silly found diff in packages/test-lib/src/lib-components/test-lib-sample/index.js
22 silly found diff in packages/test-lib/src/lib-components/test-lib-sample/test-lib-sample.vue
22 silly found diff in packages/test-lib/test-lib.7z
22 silly found diff in packages/test-lib/yarn.lock
23 verbose filtered diff [
23 verbose filtered diff   'packages/test-lib/.browserslistrc',
23 verbose filtered diff   'packages/test-lib/babel.config.js',
23 verbose filtered diff   'packages/test-lib/build/rollup.config copy.js',
23 verbose filtered diff   'packages/test-lib/build/rollup.config.js',
23 verbose filtered diff   'packages/test-lib/dev/serve.js',
23 verbose filtered diff   'packages/test-lib/dev/serve.vue',
23 verbose filtered diff   'packages/test-lib/dist/src/entry.esm.js',
23 verbose filtered diff   'packages/test-lib/dist/src/lib-components/index.js',
23 verbose filtered diff   'packages/test-lib/dist/src/lib-components/test-a/index.js',
23 verbose filtered diff   'packages/test-lib/dist/src/lib-components/test-a/test-a.vue_rollup-plugin-vue=script.js',
23 verbose filtered diff   'packages/test-lib/dist/src/lib-components/test-folder/index.js',
23 verbose filtered diff   'packages/test-lib/dist/src/lib-components/test-folder/test-folder.vue_rollup-plugin-vue=script.js',
23 verbose filtered diff   'packages/test-lib/dist/src/lib-components/test-lib-sample/index.js',
23 verbose filtered diff   'packages/test-lib/dist/src/lib-components/test-lib-sample/test-lib-sample.vue_rollup-plugin-vue=script.js',
23 verbose filtered diff   'packages/test-lib/entry.js',
23 verbose filtered diff   'packages/test-lib/src/entry.esm.js',
23 verbose filtered diff   'packages/test-lib/src/entry.js',
23 verbose filtered diff   'packages/test-lib/src/lib-components/index.js',
23 verbose filtered diff   'packages/test-lib/src/lib-components/test-a/index.js',
23 verbose filtered diff   'packages/test-lib/src/lib-components/test-a/test-a.vue',
23 verbose filtered diff   'packages/test-lib/src/lib-components/test-folder/index.js',
23 verbose filtered diff   'packages/test-lib/src/lib-components/test-folder/test-folder.vue',
23 verbose filtered diff   'packages/test-lib/src/lib-components/test-lib-sample/index.js',
23 verbose filtered diff   'packages/test-lib/src/lib-components/test-lib-sample/test-lib-sample.vue',
23 verbose filtered diff   'packages/test-lib/test-lib.7z',
23 verbose filtered diff   'packages/test-lib/yarn.lock'
23 verbose filtered diff ]
24 silly checking diff packages/vue-app-a
25 silly found diff in packages/vue-app-a/.browserslistrc
25 silly found diff in packages/vue-app-a/.eslintrc.js
25 silly found diff in packages/vue-app-a/.gitignore
25 silly found diff in packages/vue-app-a/README.md
25 silly found diff in packages/vue-app-a/babel.config.js
25 silly found diff in packages/vue-app-a/jest.config.js
25 silly found diff in packages/vue-app-a/public/favicon.ico
25 silly found diff in packages/vue-app-a/public/index.html
25 silly found diff in packages/vue-app-a/src/App.vue
25 silly found diff in packages/vue-app-a/src/assets/logo.png
25 silly found diff in packages/vue-app-a/src/components/HelloWorld.vue
25 silly found diff in packages/vue-app-a/src/main.ts
25 silly found diff in packages/vue-app-a/src/shims-tsx.d.ts
25 silly found diff in packages/vue-app-a/src/shims-vue.d.ts
25 silly found diff in packages/vue-app-a/tests/unit/example.spec.ts
25 silly found diff in packages/vue-app-a/tsconfig.json
25 silly found diff in packages/vue-app-a/yarn.lock
26 verbose filtered diff [
26 verbose filtered diff   'packages/vue-app-a/.browserslistrc',
26 verbose filtered diff   'packages/vue-app-a/.eslintrc.js',
26 verbose filtered diff   'packages/vue-app-a/.gitignore',
26 verbose filtered diff   'packages/vue-app-a/README.md',
26 verbose filtered diff   'packages/vue-app-a/babel.config.js',
26 verbose filtered diff   'packages/vue-app-a/jest.config.js',
26 verbose filtered diff   'packages/vue-app-a/public/favicon.ico',
26 verbose filtered diff   'packages/vue-app-a/public/index.html',
26 verbose filtered diff   'packages/vue-app-a/src/App.vue',
26 verbose filtered diff   'packages/vue-app-a/src/assets/logo.png',
26 verbose filtered diff   'packages/vue-app-a/src/components/HelloWorld.vue',
26 verbose filtered diff   'packages/vue-app-a/src/main.ts',
26 verbose filtered diff   'packages/vue-app-a/src/shims-tsx.d.ts',
26 verbose filtered diff   'packages/vue-app-a/src/shims-vue.d.ts',
26 verbose filtered diff   'packages/vue-app-a/tests/unit/example.spec.ts',
26 verbose filtered diff   'packages/vue-app-a/tsconfig.json',
26 verbose filtered diff   'packages/vue-app-a/yarn.lock'
26 verbose filtered diff ]
27 silly checking diff packages/vue-app
28 error Error: Command failed with exit code 128: git diff --name-only @vue/ui@0.12.5 -- packages/vue-app
28 error fatal: 'packages/vue-app/.git' not recognized as a git repository
28 error     at makeError (C:\Users\User\AppData\Roaming\npm\node_modules\lerna\node_modules\execa\lib\error.js:59:11)
28 error     at Function.module.exports.sync (C:\Users\User\AppData\Roaming\npm\node_modules\lerna\node_modules\execa\index.js:186:17)
28 error     at Object.execSync (C:\Users\User\AppData\Roaming\npm\node_modules\lerna\node_modules\@lerna\child-process\index.js:39:16)
28 error     at diffSinceIn (C:\Users\User\AppData\Roaming\npm\node_modules\lerna\node_modules\@lerna\collect-updates\lib\make-diff-predicate.js:75:23)
28 error     at hasDiffSinceThatIsntIgnored (C:\Users\User\AppData\Roaming\npm\node_modules\lerna\node_modules\@lerna\collect-updates\lib\make-diff-predicate.js:34:18)
28 error     at isCandidate (C:\Users\User\AppData\Roaming\npm\node_modules\lerna\node_modules\@lerna\collect-updates\collect-updates.js:113:77)
28 error     at C:\Users\User\AppData\Roaming\npm\node_modules\lerna\node_modules\@lerna\collect-updates\lib\collect-packages.js:24:9
28 error     at Map.forEach (<anonymous>)
28 error     at collectPackages (C:\Users\User\AppData\Roaming\npm\node_modules\lerna\node_modules\@lerna\collect-updates\lib\collect-packages.js:23:12)
